<?xml version="1.0" encoding="UTF-8"?>
<!-- Generated by org.testng.reporters.JUnitXMLReporter -->
<testsuite hostname="ASDA1538PO01976" name="Advance Tatoc" tests="3" failures="1" timestamp="6 Jul 2018 05:10:19 GMT" time="57.491" errors="0">
  <testcase name="Step_01_installing_APP_using_AppStore" time="28.388" classname="com.qait.automation.flipkartMobileAutomation.TestCasesInstallation"/>
  <testcase name="Step_02_Entering_Flipkart" time="4.416" classname="com.qait.automation.flipkartMobileAutomation.TestCaseLogin"/>
  <testcase name="Step_03_Logging_in_the_Flipkart" time="24.662" classname="com.qait.automation.flipkartMobileAutomation.TestCaseLogin">
    <failure type="org.openqa.selenium.NoSuchElementException" message="An element could not be located on the page using the given search parameters. (WARNING: The server did not provide any stacktrace information)
Command duration or timeout: 2.19 seconds
For documentation on this error, please visit: http://seleniumhq.org/exceptions/no_such_element.html
Build info: version: &amp;apos;2.46.0&amp;apos;, revision: &amp;apos;61506a4624b13675f24581e453592342b7485d71&amp;apos;, time: &amp;apos;2015-06-04 10:22:50&amp;apos;
System info: host: &amp;apos;ASDA1538PO01976&amp;apos;, ip: &amp;apos;127.0.1.1&amp;apos;, os.name: &amp;apos;Linux&amp;apos;, os.arch: &amp;apos;amd64&amp;apos;, os.version: &amp;apos;3.13.0-151-generic&amp;apos;, java.version: &amp;apos;1.8.0_171&amp;apos;
Driver info: io.appium.java_client.android.AndroidDriver
Capabilities [{appPackage=com.flipkart.android, deviceScreenSize=1080x1920, networkConnectionEnabled=true, warnings={}, databaseEnabled=false, deviceName=emulator-5554, platform=LINUX, deviceUDID=emulator-5554, appActivity=.activity.HomeFragmentHolderActivity, desired={appPackage=com.flipkart.android, appActivity=.activity.HomeFragmentHolderActivity, platformVersion=7.1.1, udid=emulator-5554, platformName=Android, deviceName=Nexus_5}, platformVersion=7.1.1, webStorageEnabled=false, locationContextEnabled=false, takesScreenshot=true, javascriptEnabled=true, deviceModel=Android SDK built for x86, udid=emulator-5554, platformName=Android, deviceManufacturer=Google}]
Session ID: a29bae7d-373d-4247-a436-1d0e16553fea
*** Element info: {Using=id, value=ImageButton}">
      <![CDATA[org.openqa.selenium.NoSuchElementException: An element could not be located on the page using the given search parameters. (WARNING: The server did not provide any stacktrace information)
Command duration or timeout: 2.19 seconds
For documentation on this error, please visit: http://seleniumhq.org/exceptions/no_such_element.html
Build info: version: '2.46.0', revision: '61506a4624b13675f24581e453592342b7485d71', time: '2015-06-04 10:22:50'
System info: host: 'ASDA1538PO01976', ip: '127.0.1.1', os.name: 'Linux', os.arch: 'amd64', os.version: '3.13.0-151-generic', java.version: '1.8.0_171'
Driver info: io.appium.java_client.android.AndroidDriver
Capabilities [{appPackage=com.flipkart.android, deviceScreenSize=1080x1920, networkConnectionEnabled=true, warnings={}, databaseEnabled=false, deviceName=emulator-5554, platform=LINUX, deviceUDID=emulator-5554, appActivity=.activity.HomeFragmentHolderActivity, desired={appPackage=com.flipkart.android, appActivity=.activity.HomeFragmentHolderActivity, platformVersion=7.1.1, udid=emulator-5554, platformName=Android, deviceName=Nexus_5}, platformVersion=7.1.1, webStorageEnabled=false, locationContextEnabled=false, takesScreenshot=true, javascriptEnabled=true, deviceModel=Android SDK built for x86, udid=emulator-5554, platformName=Android, deviceManufacturer=Google}]
Session ID: a29bae7d-373d-4247-a436-1d0e16553fea
*** Element info: {Using=id, value=ImageButton}
	at org.openqa.selenium.remote.ErrorHandler.createThrowable(ErrorHandler.java:204)
	at org.openqa.selenium.remote.ErrorHandler.throwIfResponseFailed(ErrorHandler.java:156)
	at org.openqa.selenium.remote.RemoteWebDriver.execute(RemoteWebDriver.java:605)
	at io.appium.java_client.DefaultGenericMobileDriver.execute(DefaultGenericMobileDriver.java:27)
	at io.appium.java_client.AppiumDriver.execute(AppiumDriver.java:1)
	at io.appium.java_client.android.AndroidDriver.execute(AndroidDriver.java:1)
	at org.openqa.selenium.remote.RemoteWebDriver.findElement(RemoteWebDriver.java:358)
	at org.openqa.selenium.remote.RemoteWebDriver.findElementById(RemoteWebDriver.java:399)
	at io.appium.java_client.DefaultGenericMobileDriver.findElementById(DefaultGenericMobileDriver.java:47)
	at io.appium.java_client.AppiumDriver.findElementById(AppiumDriver.java:1)
	at io.appium.java_client.android.AndroidDriver.findElementById(AndroidDriver.java:1)
	at org.openqa.selenium.By$ById.findElement(By.java:215)
	at org.openqa.selenium.remote.RemoteWebDriver.findElement(RemoteWebDriver.java:350)
	at io.appium.java_client.DefaultGenericMobileDriver.findElement(DefaultGenericMobileDriver.java:37)
	at io.appium.java_client.AppiumDriver.findElement(AppiumDriver.java:1)
	at io.appium.java_client.android.AndroidDriver.findElement(AndroidDriver.java:1)
	at com.qait.automation.flipkartMobileAutomation.Login.Signing_up(Login.java:40)
	at com.qait.automation.flipkartMobileAutomation.TestCaseLogin.Step_03_Logging_in_the_Flipkart(TestCaseLogin.java:32)
... Removed 28 stack frames]]>
    </failure>
  </testcase> <!-- Step_03_Logging_in_the_Flipkart -->
</testsuite> <!-- Advance Tatoc -->
